---------------------------

datafile= /private/var/folders/y6/nj790rtn62lfktb1sh__79hc0000gn/T/RtmpR1HodC/pkgdown-quarto-26d72ede0337/lifelihood_5035_6857_1924_3666/temp_file_data_lifelihood.txt
seed1= 5035 seed2= 6857 seed3= 1924 seed4= 3666
#parameters= 7
Likelihood_max= -345097.048626
int_expt_death -1.55633135 0.00000000
eff_expt_death_par1 -0.21955824 0.00000000
eff_expt_death_par2 0.05611151 0.00000000
eff_expt_death_spore1 0.06646744 0.00000000
eff_expt_death_spore2 0.12672486 0.00000000
eff_expt_death_spore3 -0.20379768 0.00000000
int_survival_shape -4.86015274 0.00000000

MCMCsamples
LL -345097.12268323 -345094.02948548 -345079.35291843 
int_expt_death -1.20711535 -1.35012473 -1.55633135 
eff_expt_death_par1 -0.32290265 -0.27941114 -0.21955824 
eff_expt_death_par2 -0.17486618 -0.10102713 0.05611151 
eff_expt_death_spore1 -0.22831654 -0.21043101 0.06646744 
eff_expt_death_spore2 -0.07523210 -0.08388398 0.12672486 
eff_expt_death_spore3 -0.34304850 -0.34161095 -0.20379768 
int_survival_shape -4.90432966 -4.88435659 -4.86015274 


Parameter_Range_Table
expt_death 0.00100000 324.00000000
survival_shape 0.05000000 500.00000000
ratio_expt_death 0.01000000 100.00000000
prob_death 0.00001000 0.99999000
sex_ratio 0.00001000 0.99999000
expt_maturity 0.00100000 70.00000000
maturity_shape 0.05000000 500.00000000
ratio_expt_maturity 0.01000000 100.00000000
expt_reproduction 0.00100000 32.00000000
reproduction_shape 0.00250000 10.00000000
pontn 1.00000000 50.00000000
increase_death_hazard 0.00001000 10.00000000
tof_reduction_date 0.00000010 10.00000000
increase_tof_n_offspring 0.00000010 10.00000000
lin_decrease_hazard -20.00000000 20.00000000
quad_senescence -20.00000000 20.00000000
quad_decrease_hazard -10.00000000 10.00000000
quad_change_n_offspring -10.00000000 10.00000000
tof_n_offspring -10.00000000 10.00000000
ratiomax 10
tinf_(right_censoring) 1000
tc_(juvenile_period_length) 20
