---------------------------

datafile= /private/var/folders/y6/nj790rtn62lfktb1sh__79hc0000gn/T/RtmpBcMQzr/pkgdown-quarto-1da34e2d3f35/lifelihood_2809_4944_645_5586/temp_file_data_lifelihood.txt
seed1= 2809 seed2= 4944 seed3= 645 seed4= 5586
#parameters= 7
Likelihood_max= -345055.100893
int_expt_death -2.27466161 0.00000000
eff_expt_death_par_1 0.40442610 0.00000000
eff_expt_death_par_2 0.48454324 0.00000000
eff_expt_death_spore_1 0.20277696 0.00000000
eff_expt_death_spore_2 0.22596259 0.00000000
eff_expt_death_spore_3 0.04963774 0.00000000
int_survival_shape -4.83669950 0.00000000

MCMCsamples
LL -345053.88527854 -345055.95464591 -345055.54372993 
int_expt_death -2.15132917 -2.16523588 -2.27466161 
eff_expt_death_par_1 0.28900130 0.28643350 0.40442610 
eff_expt_death_par_2 0.42489474 0.42204798 0.48454324 
eff_expt_death_spore_1 0.14664833 0.15393938 0.20277696 
eff_expt_death_spore_2 0.21737700 0.27937940 0.22596259 
eff_expt_death_spore_3 -0.01014044 0.10652132 0.04963774 
int_survival_shape -4.74821747 -4.61699641 -4.83669950 


Parameter_Range_Table
expt_death 0.00100000 324.00000000
survival_shape 0.05000000 500.00000000
ratio_expt_death 0.01000000 100.00000000
prob_death 0.00001000 0.99999000
sex_ratio 0.00001000 0.99999000
expt_maturity 0.00100000 70.00000000
maturity_shape 0.05000000 500.00000000
ratio_expt_maturity 0.01000000 100.00000000
expt_reproduction 0.00100000 32.00000000
reproduction_shape 0.00250000 10.00000000
pontn 1.00000000 50.00000000
increase_death_hazard 0.00001000 10.00000000
tof_reduction_date 0.00000010 10.00000000
increase_tof_n_offspring 0.00000010 10.00000000
lin_decrease_hazard -20.00000000 20.00000000
quad_senescence -20.00000000 20.00000000
quad_decrease_hazard -10.00000000 10.00000000
quad_change_n_offspring -10.00000000 10.00000000
tof_n_offspring -10.00000000 10.00000000
ratiomax 10
tinf_(right_censoring) 1000
tc_(juvenile_period_length) 20
