---------------------------

datafile= /private/var/folders/w5/_8wgjw3j5cg6mgrth3s2kg9m0000gn/T/RtmpPpoSce/pkgdown-quarto-14d716faa3f5/lifelihood_7012_3839_7795_6086/temp_file_data_lifelihood.txt
seed1= 7012 seed2= 3839 seed3= 7795 seed4= 6086
#parameters= 7
Likelihood_max= -345059.866104
int_expt_death -2.16784911 0.00000000
eff_expt_death_par1 0.31333412 0.00000000
eff_expt_death_par2 0.81077737 0.00000000
eff_expt_death_spore1 0.07574750 0.00000000
eff_expt_death_spore2 0.18388473 0.00000000
eff_expt_death_spore3 -0.30299842 0.00000000
int_survival_shape -4.75153908 0.00000000

MCMCsamples
LL -345057.59427686 -345057.90198599 -345055.28034770 
int_expt_death -2.01888554 -2.10144113 -2.16784911 
eff_expt_death_par1 0.13391328 0.20924861 0.31333412 
eff_expt_death_par2 0.60318467 0.66114478 0.81077737 
eff_expt_death_spore1 0.18494720 0.18087588 0.07574750 
eff_expt_death_spore2 0.28137552 0.18759433 0.18388473 
eff_expt_death_spore3 -0.30459921 -0.34166963 -0.30299842 
int_survival_shape -4.68412384 -4.75083340 -4.75153908 


Parameter_Range_Table
expt_death 0.00100000 324.00000000
survival_shape 0.05000000 500.00000000
ratio_expt_death 0.01000000 100.00000000
prob_death 0.00001000 0.99999000
sex_ratio 0.00001000 0.99999000
expt_maturity 0.00100000 70.00000000
maturity_shape 0.05000000 500.00000000
ratio_expt_maturity 0.01000000 100.00000000
expt_reproduction 0.00100000 32.00000000
reproduction_shape 0.00250000 10.00000000
pontn 1.00000000 50.00000000
increase_death_hazard 0.00001000 10.00000000
tof_reduction_date 0.00000010 10.00000000
increase_tof_n_offspring 0.00000010 10.00000000
lin_decrease_hazard -20.00000000 20.00000000
quad_senescence -20.00000000 20.00000000
quad_decrease_hazard -10.00000000 10.00000000
quad_change_n_offspring -10.00000000 10.00000000
tof_n_offspring -10.00000000 10.00000000
ratiomax 10
tinf_(right_censoring) 1000
tc_(juvenile_period_length) 20
