---------------------------

datafile= /private/var/folders/w5/_8wgjw3j5cg6mgrth3s2kg9m0000gn/T/RtmpkNgK03/pkgdown-quarto-1d80520c8b00/lifelihood_9827_3743_9804_1576/temp_file_data_lifelihood.txt
seed1= 9827 seed2= 3743 seed3= 9804 seed4= 1576
#parameters= 7
Likelihood_max= -345057.754127
int_expt_death -2.08643305 0.00000000
eff_expt_death_par1 0.07071969 0.00000000
eff_expt_death_par2 -0.05479043 0.00000000
eff_expt_death_spore1 0.28115455 0.00000000
eff_expt_death_spore2 0.34471851 0.00000000
eff_expt_death_spore3 0.39315807 0.00000000
int_survival_shape -4.80484263 0.00000000

MCMCsamples
LL -345064.48228511 -345061.69174090 -345056.13906191 
int_expt_death -1.94979749 -2.02307401 -2.08643305 
eff_expt_death_par1 0.00212157 -0.03142308 0.07071969 
eff_expt_death_par2 -0.03691800 -0.02786512 -0.05479043 
eff_expt_death_spore1 0.27413027 0.26519248 0.28115455 
eff_expt_death_spore2 0.28538909 0.39526315 0.34471851 
eff_expt_death_spore3 0.16852508 0.24669346 0.39315807 
int_survival_shape -4.77403612 -4.77079030 -4.80484263 


Parameter_Range_Table
expt_death 0.00100000 324.00000000
survival_shape 0.05000000 500.00000000
ratio_expt_death 0.01000000 100.00000000
prob_death 0.00001000 0.99999000
sex_ratio 0.00001000 0.99999000
expt_maturity 0.00100000 70.00000000
maturity_shape 0.05000000 500.00000000
ratio_expt_maturity 0.01000000 100.00000000
expt_reproduction 0.00100000 32.00000000
reproduction_shape 0.00250000 10.00000000
pontn 1.00000000 50.00000000
increase_death_hazard 0.00001000 10.00000000
tof_reduction_date 0.00000010 10.00000000
increase_tof_n_offspring 0.00000010 10.00000000
lin_decrease_hazard -20.00000000 20.00000000
quad_senescence -20.00000000 20.00000000
quad_decrease_hazard -10.00000000 10.00000000
quad_change_n_offspring -10.00000000 10.00000000
tof_n_offspring -10.00000000 10.00000000
ratiomax 10
tinf_(right_censoring) 1000
tc_(juvenile_period_length) 20
