---------------------------

datafile= /private/var/folders/y6/nj790rtn62lfktb1sh__79hc0000gn/T/RtmpQ6zl5Q/pkgdown-quarto-2359f5e7916/lifelihood_8407_7568_5820_2450/temp_file_data_lifelihood.txt
seed1= 8407 seed2= 7568 seed3= 5820 seed4= 2450
#parameters= 7
Likelihood_max= -345063.011714
int_expt_death -1.95125441 0.00000000
eff_expt_death_par_1 0.05662889 0.00000000
eff_expt_death_par_2 0.17468717 0.00000000
eff_expt_death_spore_1 0.16841926 0.00000000
eff_expt_death_spore_2 0.20951471 0.00000000
eff_expt_death_spore_3 0.00541291 0.00000000
int_survival_shape -4.76883741 0.00000000

MCMCsamples
LL -345065.48586934 -345067.80192946 -345061.50380035 
int_expt_death -1.85761300 -1.85968289 -1.95125441 
eff_expt_death_par_1 -0.06633490 -0.11061564 0.05662889 
eff_expt_death_par_2 0.14275620 0.13848530 0.17468717 
eff_expt_death_spore_1 0.23337637 0.15552839 0.16841926 
eff_expt_death_spore_2 0.21515441 0.28829589 0.20951471 
eff_expt_death_spore_3 -0.00550075 -0.05815580 0.00541291 
int_survival_shape -4.80743628 -4.86212798 -4.76883741 


Parameter_Range_Table
expt_death 0.00100000 324.00000000
survival_shape 0.05000000 500.00000000
ratio_expt_death 0.01000000 100.00000000
prob_death 0.00001000 0.99999000
sex_ratio 0.00001000 0.99999000
expt_maturity 0.00100000 70.00000000
maturity_shape 0.05000000 500.00000000
ratio_expt_maturity 0.01000000 100.00000000
expt_reproduction 0.00100000 32.00000000
reproduction_shape 0.00250000 10.00000000
pontn 1.00000000 50.00000000
increase_death_hazard 0.00001000 10.00000000
tof_reduction_date 0.00000010 10.00000000
increase_tof_n_offspring 0.00000010 10.00000000
lin_decrease_hazard -20.00000000 20.00000000
quad_senescence -20.00000000 20.00000000
quad_decrease_hazard -10.00000000 10.00000000
quad_change_n_offspring -10.00000000 10.00000000
tof_n_offspring -10.00000000 10.00000000
ratiomax 10
tinf_(right_censoring) 1000
tc_(juvenile_period_length) 20
