---------------------------

datafile= /private/var/folders/y6/nj790rtn62lfktb1sh__79hc0000gn/T/Rtmpd2hBI8/pkgdown-quarto-1f077b9e3f03/lifelihood_7912_3669_2220_4895/temp_file_data_lifelihood.txt
seed1= 7912 seed2= 3669 seed3= 2220 seed4= 4895
#parameters= 7
Likelihood_max= -345058.366602
int_expt_death -2.07514516 0.00000000
eff_expt_death_par1 0.47478068 0.00000000
eff_expt_death_par2 0.05215459 0.00000000
eff_expt_death_spore1 -0.13121479 0.00000000
eff_expt_death_spore2 -0.13142985 0.00000000
eff_expt_death_spore3 0.30055130 0.00000000
int_survival_shape -4.65115390 0.00000000

MCMCsamples
LL -345057.45760780 -345058.43328199 -345061.68050913 
int_expt_death -2.02804908 -2.10378232 -2.07514516 
eff_expt_death_par1 0.30738406 0.40770282 0.47478068 
eff_expt_death_par2 -0.00815517 -0.04817081 0.05215459 
eff_expt_death_spore1 0.04521857 -0.04595108 -0.13121479 
eff_expt_death_spore2 0.09861493 -0.03997676 -0.13142985 
eff_expt_death_spore3 0.30474508 0.39075274 0.30055130 
int_survival_shape -4.73569897 -4.78638321 -4.65115390 


Parameter_Range_Table
expt_death 0.00100000 324.00000000
survival_shape 0.05000000 500.00000000
ratio_expt_death 0.01000000 100.00000000
prob_death 0.00001000 0.99999000
sex_ratio 0.00001000 0.99999000
expt_maturity 0.00100000 70.00000000
maturity_shape 0.05000000 500.00000000
ratio_expt_maturity 0.01000000 100.00000000
expt_reproduction 0.00100000 32.00000000
reproduction_shape 0.00250000 10.00000000
pontn 1.00000000 50.00000000
increase_death_hazard 0.00001000 10.00000000
tof_reduction_date 0.00000010 10.00000000
increase_tof_n_offspring 0.00000010 10.00000000
lin_decrease_hazard -20.00000000 20.00000000
quad_senescence -20.00000000 20.00000000
quad_decrease_hazard -10.00000000 10.00000000
quad_change_n_offspring -10.00000000 10.00000000
tof_n_offspring -10.00000000 10.00000000
ratiomax 10
tinf_(right_censoring) 1000
tc_(juvenile_period_length) 20
