---------------------------

datafile= /Users/josephbarbier/Desktop/Lifelihood/data/raw_data/DataLenski/DataLenski_gam_gam_gam__Rep1.txt
seed1= 12 seed2= 13 seed3= 14 seed4= 15
#parameters= 7
Likelihood_max= -266.007919
int_E(tmort)f -3.47855809 0.00000000
int_morta -1.68550821 0.00000000
int_E(tmat)f -4.38199504 0.00000000
int_mata -4.18725892 0.00000000
int_E(tpon) -5.07464380 0.00000000
int_ponta -3.22855028 0.00000000
int_pontn -3.11227982 0.00000000


Parameter_Range_Table
E(tmort)f 1.00000000 200.00000000
morta 0.00100000 30.00000000
RE(tmort)m 0.10000000 4.00000000
mortp 0.00010000 1.00000000
propmal 0.00001000 0.99999000
E(tmat)f 1.00000000 100.00000000
mata 0.00010000 12.00000000
RE(tmat)m 0.10000000 10.00000000
E(tpon) 0.10000000 200.00000000
ponta 0.00100000 12.00000000
pontn 1.00000000 50.00000000
to(ps)int 0.00001000 10.00000000
to(ps)am 0.00000010 10.00000000
to(ps)tp 0.00000010 10.00000000
sen(pu)t -20.00000000 20.00000000
sen(pu)t2 -20.00000000 20.00000000
sen(pn)t -10.00000000 10.00000000
sen(pn)t2 -10.00000000 10.00000000
to(pupn) -10.00000000 10.00000000
ratiomax 10
tinf_(right_censoring) 1000
tc_(juvenile_period_length) 20
