---------------------------

datafile= /private/var/folders/y6/nj790rtn62lfktb1sh__79hc0000gn/T/Rtmpi4DQmb/pkgdown-quarto-1f5d4a2af4a1/lifelihood_6577_3616_7316_1192/temp_file_data_lifelihood.txt
seed1= 6577 seed2= 3616 seed3= 7316 seed4= 1192
#parameters= 7
Likelihood_max= -343781.845484
int_expt_death -2.13929857 0.00000000
eff_expt_death_par_1 0.25947646 0.00000000
eff_expt_death_par_2 0.71492152 0.00000000
eff_expt_death_spore_1 0.15007614 0.00000000
eff_expt_death_spore_2 0.24494430 0.00000000
eff_expt_death_spore_3 -0.37514281 0.00000000
int_survival_shape -4.80211314 0.00000000

MCMCsamples
LL -343781.65829153 -343783.46734076 -343784.47736177 
int_expt_death -2.07530040 -2.06904913 -2.13929857 
eff_expt_death_par_1 0.14341956 0.19498439 0.25947646 
eff_expt_death_par_2 0.65803752 0.61103760 0.71492152 
eff_expt_death_spore_1 0.22430461 0.14640843 0.15007614 
eff_expt_death_spore_2 0.30247199 0.30245676 0.24494430 
eff_expt_death_spore_3 -0.28459963 -0.27817565 -0.37514281 
int_survival_shape -4.75762559 -4.73632680 -4.80211314 


Parameter_Range_Table
expt_death 0.00100000 324.00000000
survival_shape 0.05000000 500.00000000
ratio_expt_death 0.01000000 100.00000000
prob_death 0.00001000 0.99999000
sex_ratio 0.00001000 0.99999000
expt_maturity 0.00100000 70.00000000
maturity_shape 0.05000000 500.00000000
ratio_expt_maturity 0.01000000 100.00000000
expt_reproduction 0.00100000 32.00000000
reproduction_shape 0.00250000 10.00000000
pontn 1.00000000 50.00000000
increase_death_hazard 0.00001000 10.00000000
tof_reduction_date 0.00000010 10.00000000
increase_tof_n_offspring 0.00000010 10.00000000
lin_decrease_hazard -20.00000000 20.00000000
quad_senescence -20.00000000 20.00000000
quad_decrease_hazard -10.00000000 10.00000000
quad_change_n_offspring -10.00000000 10.00000000
tof_n_offspring -10.00000000 10.00000000
ratiomax  1.0000000000000000E+001
tinf_(right_censoring)  1.0000000000000000E+003
tc_(juvenile_period_length)  2.0000000000000000E+001
