
-------------------------------------------------------
datafile= 100%mort_GroupbyGroup2variables 011.txt
seed1= 129 seed2= 40 seed3= 147 seed4= 22

group 0 Likelihood_max= -4431.534534 int_E(tmort)f -0.34565821 0.00000000 int_morta -0.33436776 0.00000000 int_E(tmat)f -1.93133279 0.00000000 int_mata -4.09333229 0.00000000 int_E(tpon) -3.70465253 0.00000000 int_ponta -3.51972115 0.00000000 int_pontn -2.50159759 0.00000000 
group 1 Likelihood_max= -7103.939511 int_E(tmort)f -0.01607067 0.00000000 int_morta -0.33452592 0.00000000 int_E(tmat)f -2.16287570 0.00000000 int_mata -4.48797397 0.00000000 int_E(tpon) -3.71573168 0.00000000 int_ponta -3.40472708 0.00000000 int_pontn -2.55936014 0.00000000 
group 2 Likelihood_max= -9034.331960 int_E(tmort)f -0.38219523 0.00000000 int_morta -1.10904542 0.00000000 int_E(tmat)f -1.96780392 0.00000000 int_mata -4.14531474 0.00000000 int_E(tpon) -3.77715179 0.00000000 int_ponta -3.65496025 0.00000000 int_pontn -2.50850705 0.00000000 
group 3 Likelihood_max= -9755.242520 int_E(tmort)f 0.08049198 0.00000000 int_morta -1.23890788 0.00000000 int_E(tmat)f -2.24972819 0.00000000 int_mata -4.16844442 0.00000000 int_E(tpon) -3.73509004 0.00000000 int_ponta -3.58073212 0.00000000 int_pontn -2.58435144 0.00000000 
group 4 Likelihood_max= -509.918761 int_E(tmort)f -1.13774096 0.00000000 int_morta -1.71016954 0.00000000 int_E(tmat)f -1.51478944 0.00000000 int_mata -2.88132003 0.00000000 int_E(tpon) -5.15216971 0.00000000 int_ponta -3.28951604 0.00000000 int_pontn -2.67977871 0.00000000 
group 5 Likelihood_max= -537.281043 int_E(tmort)f -1.02237979 0.00000000 int_morta -2.36461553 0.00000000 int_E(tmat)f -2.06833427 0.00000000 int_mata -3.86080709 0.00000000 int_E(tpon) -5.54078159 0.00000000 int_ponta -3.55280813 0.00000000 int_pontn -2.63702355 0.00000000 
group 8 Likelihood_max= -247.061840 int_E(tmort)f -1.16302830 0.00000000 int_morta -2.19470600 0.00000000 int_E(tmat)f -1.44601897 0.00000000 int_mata -3.02112814 0.00000000 int_E(tpon) -4.65799110 0.00000000 int_ponta -2.67171779 0.00000000 int_pontn -2.57001209 0.00000000 
group 11 Likelihood_max= -425.291811 int_E(tmort)f -1.02259201 0.00000000 int_morta -2.26507162 0.00000000 int_E(tmat)f -2.31405785 0.00000000 int_mata -4.42638740 0.00000000 int_E(tpon) -4.58594124 0.00000000 int_ponta -2.78211715 0.00000000 int_pontn -2.97839952 0.00000000 
-------------------------------------------------------
datafile= 50%mort_GroupbyGroup2variables 011.txt
seed1= 115 seed2= 28 seed3= 163 seed4= 28

group 0 Likelihood_max= -3688.267742 int_E(tmort)f -0.20525886 0.00000000 int_morta 0.47004921 0.00000000 int_E(tmat)f -1.92208855 0.00000000 int_mata -4.09359750 0.00000000 int_E(tpon) -3.80410200 0.00000000 int_ponta -3.78904664 0.00000000 int_pontn -2.44042917 0.00000000 
group 1 Likelihood_max= -5005.957785 int_E(tmort)f 0.39227944 0.00000000 int_morta 2.29067235 0.00000000 int_E(tmat)f -2.16076183 0.00000000 int_mata -4.50387277 0.00000000 int_E(tpon) -3.81666340 0.00000000 int_ponta -3.75786723 0.00000000 int_pontn -2.47243989 0.00000000 
group 2 Likelihood_max= -7468.257514 int_E(tmort)f -0.37420558 0.00000000 int_morta -1.02468197 0.00000000 int_E(tmat)f -1.96861585 0.00000000 int_mata -4.14671589 0.00000000 int_E(tpon) -3.82853017 0.00000000 int_ponta -3.79914538 0.00000000 int_pontn -2.45641261 0.00000000 
group 3 Likelihood_max= -6801.778120 int_E(tmort)f 0.81462773 0.00000000 int_morta 0.95226819 0.00000000 int_E(tmat)f -2.24751969 0.00000000 int_mata -4.15453364 0.00000000 int_E(tpon) -3.84496825 0.00000000 int_ponta -3.97848828 0.00000000 int_pontn -2.48939366 0.00000000 
group 4 Likelihood_max= -504.208503 int_E(tmort)f -1.13637596 0.00000000 int_morta -1.67433284 0.00000000 int_E(tmat)f -1.56908344 0.00000000 int_mata -2.94283728 0.00000000 int_E(tpon) -5.16215691 0.00000000 int_ponta -3.28957329 0.00000000 int_pontn -2.66688679 0.00000000 
group 5 Likelihood_max= -537.287803 int_E(tmort)f -1.01717964 0.00000000 int_morta -2.37606864 0.00000000 int_E(tmat)f -2.07543281 0.00000000 int_mata -3.87012846 0.00000000 int_E(tpon) -5.55146928 0.00000000 int_ponta -3.54416277 0.00000000 int_pontn -2.61633143 0.00000000 
group 8 Likelihood_max= -247.071368 int_E(tmort)f -1.16238143 0.00000000 int_morta -2.19849621 0.00000000 int_E(tmat)f -1.43482114 0.00000000 int_mata -2.99653927 0.00000000 int_E(tpon) -4.63290552 0.00000000 int_ponta -2.65105293 0.00000000 int_pontn -2.57083834 0.00000000 
group 11 Likelihood_max= -422.969433 int_E(tmort)f -1.02411634 0.00000000 int_morta -2.20768521 0.00000000 int_E(tmat)f -2.30999969 0.00000000 int_mata -4.42842844 0.00000000 int_E(tpon) -4.63686544 0.00000000 int_ponta -2.79693335 0.00000000 int_pontn -2.95931532 0.00000000 
-------------------------------------------------------
datafile= 75%mort_GroupbyGroup2variables 011.txt
seed1= 48 seed2= 88 seed3= 128 seed4= 118

group 0 Likelihood_max= -4198.040812 int_E(tmort)f -0.30854371 0.00000000 int_morta -0.10085364 0.00000000 int_E(tmat)f -1.92005750 0.00000000 int_mata -4.08599196 0.00000000 int_E(tpon) -3.73352708 0.00000000 int_ponta -3.49498692 0.00000000 int_pontn -2.48906895 0.00000000 
group 1 Likelihood_max= -6186.377757 int_E(tmort)f 0.20155653 0.00000000 int_morta 0.86746606 0.00000000 int_E(tmat)f -2.17205300 0.00000000 int_mata -4.50820980 0.00000000 int_E(tpon) -3.70461987 0.00000000 int_ponta -3.54645236 0.00000000 int_pontn -2.53222546 0.00000000 
group 2 Likelihood_max= -8612.517044 int_E(tmort)f -0.37992790 0.00000000 int_morta -1.07209659 0.00000000 int_E(tmat)f -1.96941166 0.00000000 int_mata -4.14429611 0.00000000 int_E(tpon) -3.78900346 0.00000000 int_ponta -3.71183279 0.00000000 int_pontn -2.49499965 0.00000000 
group 3 Likelihood_max= -8565.448420 int_E(tmort)f 0.08407237 0.00000000 int_morta -1.15234340 0.00000000 int_E(tmat)f -2.25414251 0.00000000 int_mata -4.15288639 0.00000000 int_E(tpon) -3.77254468 0.00000000 int_ponta -3.73563864 0.00000000 int_pontn -2.55541509 0.00000000 
group 4 Likelihood_max= -507.108863 int_E(tmort)f -1.13264540 0.00000000 int_morta -1.70534485 0.00000000 int_E(tmat)f -1.56533963 0.00000000 int_mata -2.94929799 0.00000000 int_E(tpon) -5.13962925 0.00000000 int_ponta -3.27921815 0.00000000 int_pontn -2.67989092 0.00000000 
group 5 Likelihood_max= -537.143634 int_E(tmort)f -1.02900136 0.00000000 int_morta -2.35235233 0.00000000 int_E(tmat)f -2.06211897 0.00000000 int_mata -3.86011443 0.00000000 int_E(tpon) -5.56528696 0.00000000 int_ponta -3.52252661 0.00000000 int_pontn -2.61981977 0.00000000 
group 8 Likelihood_max= -247.072638 int_E(tmort)f -1.15985880 0.00000000 int_morta -2.19402922 0.00000000 int_E(tmat)f -1.46118883 0.00000000 int_mata -3.02703367 0.00000000 int_E(tpon) -4.62272080 0.00000000 int_ponta -2.65828333 0.00000000 int_pontn -2.58168795 0.00000000 
group 11 Likelihood_max= -425.433184 int_E(tmort)f -1.02633036 0.00000000 int_morta -2.27532823 0.00000000 int_E(tmat)f -2.31923746 0.00000000 int_mata -4.33654340 0.00000000 int_E(tpon) -4.61029094 0.00000000 int_ponta -2.78703603 0.00000000 int_pontn -2.96672422 0.00000000 

Parameter_Range_Table
E(tmort)f 1.00000000 200.00000000
morta 0.00100000 30.00000000
RE(tmort)m 0.10000000 4.00000000
mortp 0.00010000 1.00000000
propmal 0.00001000 0.99999000
E(tmat)f 1.00000000 100.00000000
mata 0.00010000 12.00000000
RE(tmat)m 0.10000000 10.00000000
E(tpon) 0.10000000 200.00000000
ponta 0.00100000 12.00000000
pontn 1.00000000 50.00000000
to(ps)int 0.00001000 10.00000000
to(ps)am 0.00000010 10.00000000
to(ps)tp 0.00000010 10.00000000
sen(pu)t -20.00000000 20.00000000
sen(pu)t2 -20.00000000 20.00000000
sen(pn)t -10.00000000 10.00000000
sen(pn)t2 -10.00000000 10.00000000
to(pupn) -10.00000000 10.00000000
ratiomax 10
tinf_(right_censoring) 1000
tc_(juvenile_period_length) 1
