---------------------------

datafile= /private/var/folders/y6/nj790rtn62lfktb1sh__79hc0000gn/T/RtmpenDY1P/pkgdown-quarto-1cd84e65bd3/lifelihood_5596_5817_1885_7486/temp_file_data_lifelihood.txt
seed1= 5596 seed2= 5817 seed3= 1885 seed4= 7486
#parameters= 7
Likelihood_max= -345058.122224
int_expt_death -2.04760337 0.00000000
eff_expt_death_par_1 0.38197873 0.00000000
eff_expt_death_par_2 0.38346603 0.00000000
eff_expt_death_spore_1 -0.05815816 0.00000000
eff_expt_death_spore_2 0.07069251 0.00000000
eff_expt_death_spore_3 -0.02142314 0.00000000
int_survival_shape -4.78775412 0.00000000

MCMCsamples
LL -345055.98104770 -345059.41852546 -345057.35654445 
int_expt_death -2.07352077 -2.09359376 -2.04760337 
eff_expt_death_par_1 0.30055075 0.37456645 0.38197873 
eff_expt_death_par_2 0.26206472 0.30291567 0.38346603 
eff_expt_death_spore_1 0.10928564 0.08157786 -0.05815816 
eff_expt_death_spore_2 0.12270112 0.07228745 0.07069251 
eff_expt_death_spore_3 0.09635740 0.08413992 -0.02142314 
int_survival_shape -4.72033620 -4.57176783 -4.78775412 


Parameter_Range_Table
expt_death 0.00100000 324.00000000
survival_shape 0.05000000 500.00000000
ratio_expt_death 0.01000000 100.00000000
prob_death 0.00001000 0.99999000
sex_ratio 0.00001000 0.99999000
expt_maturity 0.00100000 70.00000000
maturity_shape 0.05000000 500.00000000
ratio_expt_maturity 0.01000000 100.00000000
expt_reproduction 0.00100000 32.00000000
reproduction_shape 0.00250000 10.00000000
pontn 1.00000000 50.00000000
increase_death_hazard 0.00001000 10.00000000
tof_reduction_date 0.00000010 10.00000000
increase_tof_n_offspring 0.00000010 10.00000000
lin_decrease_hazard -20.00000000 20.00000000
quad_senescence -20.00000000 20.00000000
quad_decrease_hazard -10.00000000 10.00000000
quad_change_n_offspring -10.00000000 10.00000000
tof_n_offspring -10.00000000 10.00000000
ratiomax 10
tinf_(right_censoring) 1000
tc_(juvenile_period_length) 20
