lifelihoodC2023.lpr Note: Changed encoding from ISO-8859-1 to UTF-8
lifelihoodC2023.lpi Note: Added defines -dBorland -dVer150 -dDelphi7 -dCompiler6_Up -dPUREPASCAL in custom options
 Progress: Found all unit files
lifelihoodC2023.lpr(1,25) Note: Added MODE Delphi syntax modifier after unit name.
 : 
 : *** Converting unit files belonging to project/package ***
Unit2.pas Note: Changed encoding from ISO-8859-1 to UTF-8
Unit2.pas(39,6) Note: Fixed character case of unit "alea" to "Alea".
Unit2.pas(35,12) Note: Added MODE Delphi syntax modifier after unit name.
Alea.pas(2,6) Note: Fixed unit name from alea to Alea.
Alea.pas(2,11) Note: Added MODE Delphi syntax modifier after unit name.
fmath.pas(55,12) Note: Added MODE Delphi syntax modifier after unit name.
fspec.pas(34,12) Note: Added MODE Delphi syntax modifier after unit name.
mathromb.pas(1,15) Note: Added MODE Delphi syntax modifier after unit name.
Unit1.pas Note: Changed encoding from ISO-8859-1 to UTF-8
Unit1.pas(5,3) Note: Fixed character case of unit "unit2" to "Unit2".
Unit1.pas(5,9) Note: Fixed character case of unit "alea" to "Alea".
Unit1.pas(1,12) Note: Added MODE Delphi syntax modifier after unit name.
 : 
 : *** Fixing used units and Repairing form files ***
 : Conversion Ready.
