---------------------------

datafile= /private/var/folders/y6/nj790rtn62lfktb1sh__79hc0000gn/T/RtmpsFP8uI/pkgdown-quarto-1e5e7397732d/lifelihood_7614_1458_2419_4781/temp_file_data_lifelihood.txt
seed1= 7614 seed2= 1458 seed3= 2419 seed4= 4781
#parameters= 7
Likelihood_max= -345059.415480
int_expt_death -2.07406832 0.00000000
eff_expt_death_par_1 0.89114250 0.00000000
eff_expt_death_par_2 0.02305731 0.00000000
eff_expt_death_spore_1 -0.51558427 0.00000000
eff_expt_death_spore_2 -0.51106897 0.00000000
eff_expt_death_spore_3 0.32525235 0.00000000
int_survival_shape -4.80234600 0.00000000

MCMCsamples
LL -345057.58072892 -345059.65549216 -345056.74244530 
int_expt_death -2.01235612 -2.02818266 -2.07406832 
eff_expt_death_par_1 0.69649171 0.71701744 0.89114250 
eff_expt_death_par_2 0.20363943 0.22931203 0.02305731 
eff_expt_death_spore_1 -0.38109878 -0.36875429 -0.51558427 
eff_expt_death_spore_2 -0.31479207 -0.40075673 -0.51106897 
eff_expt_death_spore_3 0.07905442 0.15720489 0.32525235 
int_survival_shape -4.75052430 -4.76197991 -4.80234600 


Parameter_Range_Table
expt_death 0.00100000 324.00000000
survival_shape 0.05000000 500.00000000
ratio_expt_death 0.01000000 100.00000000
prob_death 0.00001000 0.99999000
sex_ratio 0.00001000 0.99999000
expt_maturity 0.00100000 70.00000000
maturity_shape 0.05000000 500.00000000
ratio_expt_maturity 0.01000000 100.00000000
expt_reproduction 0.00100000 32.00000000
reproduction_shape 0.00250000 10.00000000
pontn 1.00000000 50.00000000
increase_death_hazard 0.00001000 10.00000000
tof_reduction_date 0.00000010 10.00000000
increase_tof_n_offspring 0.00000010 10.00000000
lin_decrease_hazard -20.00000000 20.00000000
quad_senescence -20.00000000 20.00000000
quad_decrease_hazard -10.00000000 10.00000000
quad_change_n_offspring -10.00000000 10.00000000
tof_n_offspring -10.00000000 10.00000000
ratiomax 10
tinf_(right_censoring) 1000
tc_(juvenile_period_length) 20
