---------------------------

datafile= /private/var/folders/y6/nj790rtn62lfktb1sh__79hc0000gn/T/RtmpnF0g5f/pkgdown-quarto-1c4456169c1/lifelihood_5305_6361_4285_9094/temp_file_data_lifelihood.txt
seed1= 5305 seed2= 6361 seed3= 4285 seed4= 9094
#parameters= 7
Likelihood_max= -345061.554880
int_expt_death -2.03485838 0.00000000
eff_expt_death_par_1 0.09478467 0.00000000
eff_expt_death_par_2 -0.16714072 0.00000000
eff_expt_death_spore_1 0.29609393 0.00000000
eff_expt_death_spore_2 0.36504503 0.00000000
eff_expt_death_spore_3 0.44446667 0.00000000
int_survival_shape -4.63068715 0.00000000

MCMCsamples
LL -345060.51565845 -345060.45946992 -345061.45587444 
int_expt_death -1.93344984 -1.97654016 -2.03485838 
eff_expt_death_par_1 0.08589684 0.08278741 0.09478467 
eff_expt_death_par_2 -0.16248392 -0.18136828 -0.16714072 
eff_expt_death_spore_1 0.11431087 0.19605660 0.29609393 
eff_expt_death_spore_2 0.19278012 0.19683228 0.36504503 
eff_expt_death_spore_3 0.41702652 0.49157092 0.44446667 
int_survival_shape -4.75003073 -4.68877513 -4.63068715 


Parameter_Range_Table
expt_death 0.00100000 324.00000000
survival_shape 0.05000000 500.00000000
ratio_expt_death 0.01000000 100.00000000
prob_death 0.00001000 0.99999000
sex_ratio 0.00001000 0.99999000
expt_maturity 0.00100000 70.00000000
maturity_shape 0.05000000 500.00000000
ratio_expt_maturity 0.01000000 100.00000000
expt_reproduction 0.00100000 32.00000000
reproduction_shape 0.00250000 10.00000000
pontn 1.00000000 50.00000000
increase_death_hazard 0.00001000 10.00000000
tof_reduction_date 0.00000010 10.00000000
increase_tof_n_offspring 0.00000010 10.00000000
lin_decrease_hazard -20.00000000 20.00000000
quad_senescence -20.00000000 20.00000000
quad_decrease_hazard -10.00000000 10.00000000
quad_change_n_offspring -10.00000000 10.00000000
tof_n_offspring -10.00000000 10.00000000
ratiomax 10
tinf_(right_censoring) 1000
tc_(juvenile_period_length) 20
