---------------------------

datafile= /private/var/folders/y6/nj790rtn62lfktb1sh__79hc0000gn/T/RtmpT2NjZI/pkgdown-quarto-1c40d174fd9/lifelihood_5957_1828_1893_4870/temp_file_data_lifelihood.txt
seed1= 5957 seed2= 1828 seed3= 1893 seed4= 4870
#parameters= 7
Likelihood_max= -345064.700496
int_expt_death -2.09681197 0.00000000
eff_expt_death_par1 0.22557335 0.00000000
eff_expt_death_par2 -0.21195942 0.00000000
eff_expt_death_spore1 0.13740324 0.00000000
eff_expt_death_spore2 0.20732996 0.00000000
eff_expt_death_spore3 0.63643441 0.00000000
int_survival_shape -4.78832258 0.00000000

MCMCsamples
LL -345063.41367150 -345062.74366741 -345055.43397334 
int_expt_death -1.87081224 -1.90688535 -2.09681197 
eff_expt_death_par1 0.16838131 0.14609845 0.22557335 
eff_expt_death_par2 -0.34680003 -0.31668652 -0.21195942 
eff_expt_death_spore1 -0.01326817 0.05712329 0.13740324 
eff_expt_death_spore2 0.04358276 0.11054238 0.20732996 
eff_expt_death_spore3 0.48879962 0.58849004 0.63643441 
int_survival_shape -4.74626826 -4.76957150 -4.78832258 


Parameter_Range_Table
expt_death 0.00100000 324.00000000
survival_shape 0.05000000 500.00000000
ratio_expt_death 0.01000000 100.00000000
prob_death 0.00001000 0.99999000
sex_ratio 0.00001000 0.99999000
expt_maturity 0.00100000 70.00000000
maturity_shape 0.05000000 500.00000000
ratio_expt_maturity 0.01000000 100.00000000
expt_reproduction 0.00100000 32.00000000
reproduction_shape 0.00250000 10.00000000
pontn 1.00000000 50.00000000
increase_death_hazard 0.00001000 10.00000000
tof_reduction_date 0.00000010 10.00000000
increase_tof_n_offspring 0.00000010 10.00000000
lin_decrease_hazard -20.00000000 20.00000000
quad_senescence -20.00000000 20.00000000
quad_decrease_hazard -10.00000000 10.00000000
quad_change_n_offspring -10.00000000 10.00000000
tof_n_offspring -10.00000000 10.00000000
ratiomax 10
tinf_(right_censoring) 1000
tc_(juvenile_period_length) 20
