---------------------------

datafile= /private/var/folders/w5/_8wgjw3j5cg6mgrth3s2kg9m0000gn/T/RtmpW156oH/pkgdown-quarto-1cb22ce73419/lifelihood_49_2902_8186_1790/temp_file_data_lifelihood.txt
seed1= 49 seed2= 2902 seed3= 8186 seed4= 1790
#parameters= 7
Likelihood_max= -345062.033650
int_expt_death -2.03556787 0.00000000
eff_expt_death_par1 0.18164560 0.00000000
eff_expt_death_par2 0.47693025 0.00000000
eff_expt_death_spore1 0.16534209 0.00000000
eff_expt_death_spore2 0.22338750 0.00000000
eff_expt_death_spore3 -0.11363775 0.00000000
int_survival_shape -4.76423102 0.00000000

MCMCsamples
LL -345062.72848478 -345059.45269297 -345057.07363734 
int_expt_death -1.90103899 -1.99267856 -2.03556787 
eff_expt_death_par1 0.00930207 0.08341975 0.18164560 
eff_expt_death_par2 0.27743818 0.48242053 0.47693025 
eff_expt_death_spore1 0.22755957 0.15733130 0.16534209 
eff_expt_death_spore2 0.25476900 0.24739316 0.22338750 
eff_expt_death_spore3 -0.03929779 -0.14584881 -0.11363775 
int_survival_shape -4.71455639 -4.80773318 -4.76423102 


Parameter_Range_Table
expt_death 0.00100000 324.00000000
survival_shape 0.05000000 500.00000000
ratio_expt_death 0.01000000 100.00000000
prob_death 0.00001000 0.99999000
sex_ratio 0.00001000 0.99999000
expt_maturity 0.00100000 70.00000000
maturity_shape 0.05000000 500.00000000
ratio_expt_maturity 0.01000000 100.00000000
expt_reproduction 0.00100000 32.00000000
reproduction_shape 0.00250000 10.00000000
pontn 1.00000000 50.00000000
increase_death_hazard 0.00001000 10.00000000
tof_reduction_date 0.00000010 10.00000000
increase_tof_n_offspring 0.00000010 10.00000000
lin_decrease_hazard -20.00000000 20.00000000
quad_senescence -20.00000000 20.00000000
quad_decrease_hazard -10.00000000 10.00000000
quad_change_n_offspring -10.00000000 10.00000000
tof_n_offspring -10.00000000 10.00000000
ratiomax 10
tinf_(right_censoring) 1000
tc_(juvenile_period_length) 20
